
> som@0.1.0 start /Users/cheliang/Downloads/Flask_/som
> react-scripts start

[34mℹ[39m [90m｢wds｣[39m: Project is running at http://192.168.0.17/
[34mℹ[39m [90m｢wds｣[39m: webpack output is served from 
[34mℹ[39m [90m｢wds｣[39m: Content not from webpack is served from /Users/cheliang/Downloads/Flask_/som/public
[34mℹ[39m [90m｢wds｣[39m: 404s will fallback to /
Starting the development server...

Compiled with warnings.

src/App.js
  Line 3:39:  'Redirect' is defined but never used       no-unused-vars
  Line 8:8:   'Database' is defined but never used       no-unused-vars
  Line 9:8:   'SOMModel' is defined but never used       no-unused-vars
  Line 10:8:  'Visualisation' is defined but never used  no-unused-vars
  Line 12:8:  'Signup' is defined but never used         no-unused-vars
  Line 13:9:  'Col' is defined but never used            no-unused-vars

src/components/AllModelsComponents.js
  Line 2:10:  'InputGroup' is defined but never used       no-unused-vars
  Line 2:22:  'Modal' is defined but never used            no-unused-vars
  Line 2:29:  'ModalHeader' is defined but never used      no-unused-vars
  Line 2:42:  'ModalBody' is defined but never used        no-unused-vars
  Line 2:53:  'InputGroupAddon' is defined but never used  no-unused-vars
  Line 2:70:  'Input' is defined but never used            no-unused-vars
  Line 14:3:  Useless constructor                          no-useless-constructor

src/components/AlldatasetsComponent.js
  Line 4:22:  'Modal' is defined but never used     no-unused-vars
  Line 4:29:  'TableRow' is defined but never used  no-unused-vars
  Line 14:3:  Useless constructor                   no-useless-constructor

src/components/ConnectionUploading.js
  Line 1:27:    'useEffect' is defined but never used                                                                                                                                                                                                                     no-unused-vars
  Line 2:86:    'CardColumns' is defined but never used                                                                                                                                                                                                                   no-unused-vars
  Line 5:8:     'PublishIcon' is defined but never used                                                                                                                                                                                                                   no-unused-vars
  Line 6:8:     'NeedUploading' is defined but never used                                                                                                                                                                                                                 no-unused-vars
  Line 18:12:   'fileInfo' is assigned a value but never used                                                                                                                                                                                                             no-unused-vars
  Line 18:22:   'setFileInfos' is assigned a value but never used                                                                                                                                                                                                         no-unused-vars
  Line 97:36:   Function declared in a loop contains unsafe references to variable(s) 'datasetMessage', 'datasetMessage', 'datasetMessage', 'datasetMessage', 'datasetMessage', 'datasetMessage', 'datasetMessage', 'datasetMessage', 'datasetMessage', 'datasetMessage'  no-loop-func
  Line 102:76:  Expected '===' and instead saw '=='                                                                                                                                                                                                                       eqeqeq
  Line 147:34:  Function declared in a loop contains unsafe references to variable(s) 'datasetMessage', 'datasetMessage'                                                                                                                                                  no-loop-func
  Line 217:27:  Expected '===' and instead saw '=='                                                                                                                                                                                                                       eqeqeq
  Line 230:11:  'handlenNoBtn' is assigned a value but never used                                                                                                                                                                                                         no-unused-vars

src/components/DatabaseComponent.js
  Line 2:10:   'Card' is defined but never used           no-unused-vars
  Line 2:16:   'CardBody' is defined but never used       no-unused-vars
  Line 5:22:   'Modal' is defined but never used          no-unused-vars
  Line 5:29:   'TableRow' is defined but never used       no-unused-vars
  Line 6:8:    'DeleteIcon' is defined but never used     no-unused-vars
  Line 12:8:   'DatasetUpload' is defined but never used  no-unused-vars
  Line 17:8:   'MetadataForm' is defined but never used   no-unused-vars
  Line 25:10:  'purple' is defined but never used         no-unused-vars

src/components/DatasetUploadComponent.js
  Line 2:10:   'IconButton' is defined but never used                                                                                                                                                                                                                    no-unused-vars
  Line 2:22:   'Modal' is defined but never used                                                                                                                                                                                                                         no-unused-vars
  Line 3:8:    'PublishIcon' is defined but never used                                                                                                                                                                                                                   no-unused-vars
  Line 30:36:  Function declared in a loop contains unsafe references to variable(s) 'datasetMessage', 'datasetMessage', 'datasetMessage', 'datasetMessage', 'datasetMessage', 'datasetMessage', 'datasetMessage', 'datasetMessage', 'datasetMessage', 'datasetMessage'  no-loop-func
  Line 35:76:  Expected '===' and instead saw '=='                                                                                                                                                                                                                       eqeqeq
  Line 80:34:  Function declared in a loop contains unsafe references to variable(s) 'datasetMessage', 'datasetMessage'                                                                                                                                                  no-loop-func

src/components/DeleteOneDataset.js
  Line 2:17:  'useRef' is defined but never used           no-unused-vars
  Line 2:35:  'useEffect' is defined but never used        no-unused-vars
  Line 2:46:  'useLayoutEffect' is defined but never used  no-unused-vars
  Line 3:22:  'TableRow' is defined but never used         no-unused-vars

src/components/DeleteOneModel.js
  Line 2:17:  'useRef' is defined but never used           no-unused-vars
  Line 2:35:  'useEffect' is defined but never used        no-unused-vars
  Line 2:46:  'useLayoutEffect' is defined but never used  no-unused-vars
  Line 3:22:  'TableRow' is defined but never used         no-unused-vars

src/components/DetailedDatasetComponent.js
  Line 1:17:  'Component' is defined but never used  no-unused-vars
  Line 1:39:  'useRef' is defined but never used     no-unused-vars
  Line 1:47:  'useState' is defined but never used   no-unused-vars

src/components/ForgetPasswordComponent.js
  Line 3:22:   'Typography' is defined but never used   no-unused-vars
  Line 17:32:  'ModalHeader' is defined but never used  no-unused-vars

src/components/LoginComponent.js
  Line 1:16:  'useEffect' is defined but never used  no-unused-vars

src/components/MainComponent.js
  Line 1:17:     'PureComponent' is defined but never used             no-unused-vars
  Line 1:43:     'useCallback' is defined but never used               no-unused-vars
  Line 4:10:     'Container' is defined but never used                 no-unused-vars
  Line 5:10:     'actions' is defined but never used                   no-unused-vars
  Line 148:33:   Expected '===' and instead saw '=='                   eqeqeq
  Line 202:17:   'selectedDataset' is assigned a value but never used  no-unused-vars
  Line 202:140:  Expected '===' and instead saw '=='                   eqeqeq
  Line 222:136:  Expected '===' and instead saw '=='                   eqeqeq
  Line 244:124:  Expected '===' and instead saw '=='                   eqeqeq
  Line 254:21:   No duplicate props allowed                            react/jsx-no-duplicate-props
  Line 264:124:  Expected '===' and instead saw '=='                   eqeqeq
  Line 275:21:   No duplicate props allowed                            react/jsx-no-duplicate-props
  Line 287:131:  Expected '===' and instead saw '=='                   eqeqeq

src/components/MetadataForm.js
  Line 1:17:    'useRef' is defined but never used                                             no-unused-vars
  Line 1:46:    'useLayoutEffect' is defined but never used                                    no-unused-vars
  Line 3:30:    'Form' is defined but never used                                               no-unused-vars
  Line 3:36:    'Errors' is defined but never used                                             no-unused-vars
  Line 7:10:    'Link' is defined but never used                                               no-unused-vars
  Line 8:30:    'Modal' is defined but never used                                              no-unused-vars
  Line 23:8:    'DetailedDataset' is defined but never used                                    no-unused-vars
  Line 59:93:   'attr' was used before it was defined                                          no-use-before-define
  Line 92:11:   'TagInputs' is assigned a value but never used                                 no-unused-vars
  Line 111:48:  Expected '===' and instead saw '=='                                            eqeqeq
  Line 112:55:  Expected '===' and instead saw '=='                                            eqeqeq
  Line 121:25:  Imported JSX component text must be in PascalCase or SCREAMING_SNAKE_CASE      react/jsx-pascal-case
  Line 126:25:  Imported JSX component text must be in PascalCase or SCREAMING_SNAKE_CASE      react/jsx-pascal-case
  Line 148:25:  Imported JSX component text must be in PascalCase or SCREAMING_SNAKE_CASE      react/jsx-pascal-case
  Line 153:25:  Imported JSX component text must be in PascalCase or SCREAMING_SNAKE_CASE      react/jsx-pascal-case
  Line 174:13:  'attrArray' is assigned a value but never used                                 no-unused-vars
  Line 277:37:  Imported JSX component text must be in PascalCase or SCREAMING_SNAKE_CASE      react/jsx-pascal-case
  Line 287:33:  Imported JSX component textarea must be in PascalCase or SCREAMING_SNAKE_CASE  react/jsx-pascal-case
  Line 296:37:  Imported JSX component text must be in PascalCase or SCREAMING_SNAKE_CASE      react/jsx-pascal-case

src/components/Modal/AllBindedDataset.js
  Line 1:10:   'Modal' is defined but never used                                                                                                                                                                                                                                                                                                                no-unused-vars
  Line 1:17:   'ModalHeader' is defined but never used                                                                                                                                                                                                                                                                                                          no-unused-vars
  Line 1:30:   'ModalBody' is defined but never used                                                                                                                                                                                                                                                                                                            no-unused-vars
  Line 1:41:   'Button' is defined but never used                                                                                                                                                                                                                                                                                                               no-unused-vars
  Line 1:54:   'Col' is defined but never used                                                                                                                                                                                                                                                                                                                  no-unused-vars
  Line 2:17:   'useRef' is defined but never used                                                                                                                                                                                                                                                                                                               no-unused-vars
  Line 2:46:   'useLayoutEffect' is defined but never used                                                                                                                                                                                                                                                                                                      no-unused-vars
  Line 3:22:   'TableRow' is defined but never used                                                                                                                                                                                                                                                                                                             no-unused-vars
  Line 4:8:    'DeleteOneDataset' is defined but never used                                                                                                                                                                                                                                                                                                     no-unused-vars
  Line 5:8:    'CreateIcon' is defined but never used                                                                                                                                                                                                                                                                                                           no-unused-vars
  Line 24:11:  'toggleModal' is assigned a value but never used                                                                                                                                                                                                                                                                                                 no-unused-vars
  Line 29:11:  'handlenNoBtn' is assigned a value but never used                                                                                                                                                                                                                                                                                                no-unused-vars
  Line 120:8:  React Hook useEffect has missing dependencies: 'modelName', 'props', and 'query.userName'. Either include them or remove the dependency array. However, 'props' will change when *any* prop changes, so the preferred fix is to destructure the 'props' object outside of the useEffect call and refer to those specific props inside useEffect  react-hooks/exhaustive-deps

src/components/Modal/BindModel.js
  Line 1:66:    'Input' is defined but never used                                            no-unused-vars
  Line 2:17:    'useRef' is defined but never used                                           no-unused-vars
  Line 2:35:    'useEffect' is defined but never used                                        no-unused-vars
  Line 2:46:    'useLayoutEffect' is defined but never used                                  no-unused-vars
  Line 3:22:    'TableRow' is defined but never used                                         no-unused-vars
  Line 4:8:     'DeleteIcon' is defined but never used                                       no-unused-vars
  Line 6:30:    'Form' is defined but never used                                             no-unused-vars
  Line 6:36:    'Errors' is defined but never used                                           no-unused-vars
  Line 6:44:    'actions' is defined but never used                                          no-unused-vars
  Line 38:117:  Expected '===' and instead saw '=='                                          eqeqeq
  Line 43:37:   Imported JSX component select must be in PascalCase or SCREAMING_SNAKE_CASE  react/jsx-pascal-case

src/components/Modal/BindedDatasets.js
  Line 1:10:   'Modal' is defined but never used                                                                                                                                                                                                                                                                                             no-unused-vars
  Line 1:17:   'ModalHeader' is defined but never used                                                                                                                                                                                                                                                                                       no-unused-vars
  Line 1:30:   'ModalBody' is defined but never used                                                                                                                                                                                                                                                                                         no-unused-vars
  Line 1:41:   'Button' is defined but never used                                                                                                                                                                                                                                                                                            no-unused-vars
  Line 1:54:   'Col' is defined but never used                                                                                                                                                                                                                                                                                               no-unused-vars
  Line 2:17:   'useRef' is defined but never used                                                                                                                                                                                                                                                                                            no-unused-vars
  Line 2:46:   'useLayoutEffect' is defined but never used                                                                                                                                                                                                                                                                                   no-unused-vars
  Line 3:22:   'TableRow' is defined but never used                                                                                                                                                                                                                                                                                          no-unused-vars
  Line 12:57:  Expected '===' and instead saw '=='                                                                                                                                                                                                                                                                                           eqeqeq
  Line 17:11:  'toggleModal' is assigned a value but never used                                                                                                                                                                                                                                                                              no-unused-vars
  Line 22:11:  'handlenNoBtn' is assigned a value but never used                                                                                                                                                                                                                                                                             no-unused-vars
  Line 114:8:  React Hook useEffect has missing dependencies: 'ModelName' and 'props'. Either include them or remove the dependency array. However, 'props' will change when *any* prop changes, so the preferred fix is to destructure the 'props' object outside of the useEffect call and refer to those specific props inside useEffect  react-hooks/exhaustive-deps

src/components/Modal/ConnectionUploading.js
  Line 1:41:   'Button' is defined but never used                 no-unused-vars
  Line 1:49:   'Row' is defined but never used                    no-unused-vars
  Line 1:54:   'Col' is defined but never used                    no-unused-vars
  Line 2:17:   'useRef' is defined but never used                 no-unused-vars
  Line 2:35:   'useEffect' is defined but never used              no-unused-vars
  Line 2:46:   'useLayoutEffect' is defined but never used        no-unused-vars
  Line 3:22:   'TableRow' is defined but never used               no-unused-vars
  Line 21:11:  'handlenNoBtn' is assigned a value but never used  no-unused-vars

src/components/Modal/DatasetUploading.js
  Line 1:41:   'Button' is defined but never used                 no-unused-vars
  Line 1:49:   'Row' is defined but never used                    no-unused-vars
  Line 1:54:   'Col' is defined but never used                    no-unused-vars
  Line 2:17:   'useRef' is defined but never used                 no-unused-vars
  Line 2:35:   'useEffect' is defined but never used              no-unused-vars
  Line 2:46:   'useLayoutEffect' is defined but never used        no-unused-vars
  Line 3:22:   'TableRow' is defined but never used               no-unused-vars
  Line 20:11:  'handlenNoBtn' is assigned a value but never used  no-unused-vars

src/components/Modal/NeedUploading.js
  Line 2:17:  'useRef' is defined but never used           no-unused-vars
  Line 2:35:  'useEffect' is defined but never used        no-unused-vars
  Line 2:46:  'useLayoutEffect' is defined but never used  no-unused-vars
  Line 3:22:  'TableRow' is defined but never used         no-unused-vars

src/components/Modal/downloadFile.js
  Line 2:10:   'Modal' is defined but never used                    no-unused-vars
  Line 2:17:   'ModalHeader' is defined but never used              no-unused-vars
  Line 2:30:   'ModalBody' is defined but never used                no-unused-vars
  Line 2:41:   'Button' is defined but never used                   no-unused-vars
  Line 2:49:   'Row' is defined but never used                      no-unused-vars
  Line 2:54:   'Col' is defined but never used                      no-unused-vars
  Line 2:59:   'Label' is defined but never used                    no-unused-vars
  Line 2:66:   'Input' is defined but never used                    no-unused-vars
  Line 3:35:   'useEffect' is defined but never used                no-unused-vars
  Line 3:46:   'useLayoutEffect' is defined but never used          no-unused-vars
  Line 4:22:   'TableRow' is defined but never used                 no-unused-vars
  Line 5:8:    'DeleteIcon' is defined but never used               no-unused-vars
  Line 6:8:    'SettingsEthernetIcon' is defined but never used     no-unused-vars
  Line 7:10:   'Control' is defined but never used                  no-unused-vars
  Line 7:19:   'LocalForm' is defined but never used                no-unused-vars
  Line 7:30:   'Form' is defined but never used                     no-unused-vars
  Line 7:36:   'Errors' is defined but never used                   no-unused-vars
  Line 7:44:   'actions' is defined but never used                  no-unused-vars
  Line 8:10:   'ButtonDropdown' is defined but never used           no-unused-vars
  Line 8:26:   'DropdownToggle' is defined but never used           no-unused-vars
  Line 8:42:   'DropdownMenu' is defined but never used             no-unused-vars
  Line 8:56:   'DropdownItem' is defined but never used             no-unused-vars
  Line 9:8:    'ButtonGroup' is defined but never used              no-unused-vars
  Line 10:8:   'ArrowDropDownIcon' is defined but never used        no-unused-vars
  Line 55:11:  'handleDownload' is assigned a value but never used  no-unused-vars

src/components/ModelBriefInfo.js
  Line 2:35:  'useEffect' is defined but never used        no-unused-vars
  Line 2:46:  'useLayoutEffect' is defined but never used  no-unused-vars
  Line 3:22:  'TableRow' is defined but never used         no-unused-vars

src/components/ModelComponent.js
  Line 2:10:   'InputGroup' is defined but never used            no-unused-vars
  Line 2:22:   'Modal' is defined but never used                 no-unused-vars
  Line 2:29:   'ModalHeader' is defined but never used           no-unused-vars
  Line 2:42:   'ModalBody' is defined but never used             no-unused-vars
  Line 2:53:   'InputGroupAddon' is defined but never used       no-unused-vars
  Line 2:70:   'Input' is defined but never used                 no-unused-vars
  Line 4:10:   'Button' is defined but never used                no-unused-vars
  Line 7:8:    'DeleteIcon' is defined but never used            no-unused-vars
  Line 8:8:    'CreateIcon' is defined but never used            no-unused-vars
  Line 11:8:   'ModelUploadComponent' is defined but never used  no-unused-vars
  Line 23:10:  'purple' is defined but never used                no-unused-vars

src/components/ModelUploadComponent.js
  Line 1:35:  'useEffect' is defined but never used                  no-unused-vars
  Line 2:8:   'axios' is defined but never used                      no-unused-vars
  Line 3:22:  'Modal' is defined but never used                      no-unused-vars
  Line 5:15:  'Col' is defined but never used                        no-unused-vars
  Line 8:12:  'dfile' is assigned a value but never used             no-unused-vars
  Line 9:12:  'selectedFiles' is assigned a value but never used     no-unused-vars
  Line 9:27:  'setSelectedFiles' is assigned a value but never used  no-unused-vars

src/components/SearchAllDatasets.js
  Line 2:22:  'InputGroupText' is defined but never used  no-unused-vars
  Line 3:10:  'Container' is defined but never used       no-unused-vars
  Line 3:21:  'Row' is defined but never used             no-unused-vars

src/components/SearchAllModels.js
  Line 2:22:  'InputGroupText' is defined but never used  no-unused-vars
  Line 3:10:  'Container' is defined but never used       no-unused-vars
  Line 3:21:  'Row' is defined but never used             no-unused-vars

src/components/SearchModelComponent.js
  Line 2:22:  'InputGroupText' is defined but never used  no-unused-vars
  Line 3:10:  'Container' is defined but never used       no-unused-vars
  Line 3:21:  'Row' is defined but never used             no-unused-vars

src/components/SidebarComponent.js
  Line 1:16:  'Component' is defined but never used                                                                                              no-unused-vars
  Line 2:10:  'Card' is defined but never used                                                                                                   no-unused-vars
  Line 2:16:  'CardImg' is defined but never used                                                                                                no-unused-vars
  Line 3:10:  'Container' is defined but never used                                                                                              no-unused-vars
  Line 6:10:  'Link' is defined but never used                                                                                                   no-unused-vars
  Line 18:7:  React Hook useEffect has missing dependencies: 'history' and 'props.username'. Either include them or remove the dependency array  react-hooks/exhaustive-deps

src/components/Signup.js
  Line 2:22:   'Avatar' is defined but never used       no-unused-vars
  Line 6:8:    'Link' is defined but never used         no-unused-vars
  Line 9:9:    'makeStyles' is defined but never used   no-unused-vars
  Line 15:11:  'updateUser' is defined but never used   no-unused-vars
  Line 19:32:  'ModalHeader' is defined but never used  no-unused-vars

src/components/Umatrix/HexagonExpand.js
  Line 2:16:  'CardTitle' is defined but never used  no-unused-vars

src/components/Umatrix/HexagonVector.js
  Line 2:16:  'CardTitle' is defined but never used  no-unused-vars

src/components/Umatrix/Umatrix.js
  Line 5:8:   'Color' is defined but never used             no-unused-vars
  Line 6:10:  'Container' is defined but never used         no-unused-vars
  Line 6:26:  'Col' is defined but never used               no-unused-vars
  Line 13:8:  'ArrowBackIcon' is defined but never used     no-unused-vars
  Line 14:8:  'ArrowForwardIcon' is defined but never used  no-unused-vars

src/components/Umatrix/VisualisationComponent.js
  Line 2:39:    'Label' is defined but never used                                            no-unused-vars
  Line 3:10:    'InputGroup' is defined but never used                                       no-unused-vars
  Line 3:22:    'InputGroupAddon' is defined but never used                                  no-unused-vars
  Line 3:39:    'Input' is defined but never used                                            no-unused-vars
  Line 4:36:    'CardLink' is defined but never used                                         no-unused-vars
  Line 4:57:    'CardSubtitle' is defined but never used                                     no-unused-vars
  Line 5:30:    'Form' is defined but never used                                             no-unused-vars
  Line 5:36:    'Errors' is defined but never used                                           no-unused-vars
  Line 5:44:    'actions' is defined but never used                                          no-unused-vars
  Line 11:8:    'TableChartIcon' is defined but never used                                   no-unused-vars
  Line 18:30:   'Modal' is defined but never used                                            no-unused-vars
  Line 47:11:   'el' is assigned a value but never used                                      no-unused-vars
  Line 59:11:   'handleClick' is assigned a value but never used                             no-unused-vars
  Line 145:33:  Imported JSX component select must be in PascalCase or SCREAMING_SNAKE_CASE  react/jsx-pascal-case

src/components/VisualisationComponent.js
  Line 1:35:    'useEffect' is defined but never used                                        no-unused-vars
  Line 2:39:    'Label' is defined but never used                                            no-unused-vars
  Line 3:10:    'InputGroup' is defined but never used                                       no-unused-vars
  Line 3:22:    'InputGroupAddon' is defined but never used                                  no-unused-vars
  Line 3:39:    'Input' is defined but never used                                            no-unused-vars
  Line 4:10:    'Card' is defined but never used                                             no-unused-vars
  Line 4:16:    'CardText' is defined but never used                                         no-unused-vars
  Line 4:26:    'CardBody' is defined but never used                                         no-unused-vars
  Line 4:36:    'CardLink' is defined but never used                                         no-unused-vars
  Line 4:46:    'CardTitle' is defined but never used                                        no-unused-vars
  Line 4:57:    'CardSubtitle' is defined but never used                                     no-unused-vars
  Line 5:30:    'Form' is defined but never used                                             no-unused-vars
  Line 5:36:    'Errors' is defined but never used                                           no-unused-vars
  Line 5:44:    'actions' is defined but never used                                          no-unused-vars
  Line 7:8:     'UMatrix' is defined but never used                                          no-unused-vars
  Line 8:10:    'getSOM' is defined but never used                                           no-unused-vars
  Line 12:8:    'TableChartIcon' is defined but never used                                   no-unused-vars
  Line 19:30:   'Modal' is defined but never used                                            no-unused-vars
  Line 48:11:   'el' is assigned a value but never used                                      no-unused-vars
  Line 114:33:  Imported JSX component select must be in PascalCase or SCREAMING_SNAKE_CASE  react/jsx-pascal-case

src/components/login.js
  Line 4:10:   'makeStyles' is defined but never used                                                                                                                                                                                                                                                                                          no-unused-vars
  Line 36:7:   'root' is assigned a value but never used                                                                                                                                                                                                                                                                                       no-unused-vars
  Line 59:10:  'user' is assigned a value but never used                                                                                                                                                                                                                                                                                       no-unused-vars
  Line 85:52:  Expected '!==' and instead saw '!='                                                                                                                                                                                                                                                                                             eqeqeq
  Line 99:6:   React Hook useEffect has missing dependencies: 'isModalOpen' and 'props'. Either include them or remove the dependency array. However, 'props' will change when *any* prop changes, so the preferred fix is to destructure the 'props' object outside of the useEffect call and refer to those specific props inside useEffect  react-hooks/exhaustive-deps

src/components/searchFileComponent.js
  Line 2:22:  'InputGroupText' is defined but never used  no-unused-vars
  Line 3:10:  'Container' is defined but never used       no-unused-vars
  Line 3:21:  'Row' is defined but never used             no-unused-vars

src/index.js
  Line 3:8:  'Popup' is defined but never used  no-unused-vars

src/redux/ActionCreators.js
  Line 4:8:  'baseUrl' is defined but never used  no-unused-vars

src/redux/configureStore.js
  Line 2:10:  'createForms' is defined but never used  no-unused-vars

src/redux/connectionResult.js
  Line 16:17:  'files' is assigned a value but never used  no-unused-vars

src/redux/datasetFiles.js
  Line 53:17:  'datasetName' is already defined  no-redeclare

src/redux/modelFiles.js
  Line 48:19:  'modelName' is already defined  no-redeclare

Search for the keywords to learn more about each warning.
To ignore, add // eslint-disable-next-line to the line before.


> som@0.1.0 start /Users/cheliang/Downloads/Flask_/som
> react-scripts start

/usr/local/bin/python3: can't open file 'app.py': [Errno 2] No such file or directory
/usr/local/bin/python3: can't open file 'app.py': [Errno 2] No such file or directory
nohup: ./run: No such file or directory
nohup: ./run: No such file or directory
